
The following have been reloaded with a version change:
  1) pillow/7.2.0-python-3.7.4 => pillow/6.2.1


The following have been reloaded with a version change:
  1) pillow/6.2.1 => pillow/7.2.0-python-3.7.4


The following have been reloaded with a version change:
  1) icu/65.1 => icu/64.2

Traceback (most recent call last):
  File "train.py", line 430, in <module>
Traceback (most recent call last):
Traceback (most recent call last):
Traceback (most recent call last):
  File "train.py", line 430, in <module>
  File "train.py", line 430, in <module>
  File "train.py", line 430, in <module>
    assert len(opt.cfg) or len(opt.weights), 'either --cfg or --weights must be specified'
AssertionError: either --cfg or --weights must be specified
        assert len(opt.cfg) or len(opt.weights), 'either --cfg or --weights must be specified'    assert len(opt.cfg) or len(opt.weights), 'either --cfg or --weights must be specified'
assert len(opt.cfg) or len(opt.weights), 'either --cfg or --weights must be specified'
AssertionError
AssertionError: AssertionError: either --cfg or --weights must be specified: either --cfg or --weights must be specified
either --cfg or --weights must be specified

Traceback (most recent call last):
  File "/usr/local/easybuild-2019/easybuild/software/compiler/gcccore/8.3.0/python/3.7.4/lib/python3.7/runpy.py", line 193, in _run_module_as_main
    "__main__", mod_spec)
  File "/usr/local/easybuild-2019/easybuild/software/compiler/gcccore/8.3.0/python/3.7.4/lib/python3.7/runpy.py", line 85, in _run_code
    exec(code, run_globals)
  File "/usr/local/easybuild-2019/easybuild/software/mpi/gcc-cuda/8.3.0-10.1.243/openmpi/3.1.4/pytorch-geometric/1.6.1-python-3.7.4-pytorch-1.6.0/lib/python3.7/site-packages/torch/distributed/launch.py", line 261, in <module>
    main()
  File "/usr/local/easybuild-2019/easybuild/software/mpi/gcc-cuda/8.3.0-10.1.243/openmpi/3.1.4/pytorch-geometric/1.6.1-python-3.7.4-pytorch-1.6.0/lib/python3.7/site-packages/torch/distributed/launch.py", line 257, in main
    cmd=cmd)
subprocess.CalledProcessError: Command '['/usr/local/easybuild-2019/easybuild/software/compiler/gcccore/8.3.0/python/3.7.4/bin/python3', '-u', 'train.py', '--local_rank=3', '--batch-size', '64', '--epochs', '200', '--data', 'custom_train/dataset.yaml', '--weights', '']' returned non-zero exit status 1.
*****************************************
Setting OMP_NUM_THREADS environment variable for each process to be 1 in default, to avoid your system being overloaded, please further tune the variable for optimal performance in your application as needed. 
*****************************************

real	0m17.426s
user	0m7.691s
sys	0m2.665s
